<?xml version="1.0" encoding="UTF-8"?>
<testsuite xmlns:xsi="http://www.w3.org/2001/XMLSchema-instance" xsi:noNamespaceSchemaLocation="https://maven.apache.org/surefire/maven-surefire-plugin/xsd/surefire-test-report-3.0.xsd" version="3.0" name="uniproj.cursol.CursolApplicationTests" time="21.568" tests="1" errors="0" skipped="0" failures="0">
  <properties>
[...]
</properties>
  <testcase name="contextLoads" classname="uniproj.cursol.CursolApplicationTests" time="1.168">
    <system-out><![CDATA[11:30:09.341 [main] INFO org.springframework.test.context.support.AnnotationConfigContextLoaderUtils -- Could not detect default configuration classes for test class [uniproj.cursol.CursolApplicationTests]: CursolApplicationTests does not declare any static, non-private, non-final, nested classes annotated with @Configuration.
11:30:09.586 [main] INFO org.springframework.boot.test.context.SpringBootTestContextBootstrapper -- Found @SpringBootConfiguration uniproj.cursol.CursolApplication for test class uniproj.cursol.CursolApplicationTests
11:30:09.997 [main] INFO org.springframework.boot.devtools.restart.RestartApplicationListener -- Restart disabled due to context in which it is running
2024-10-29T11:30:18.680Z  WARN 23388 --- [cursol] [           main] org.hibernate.orm.deprecation            : HHH90000025: PostgreSQLDialect does not need to be specified explicitly using 'hibernate.dialect' (remove the property setting and it will be selected by default)
2024-10-29T11:30:28.382Z  WARN 23388 --- [cursol] [           main] JpaBaseConfiguration$JpaWebConfiguration : spring.jpa.open-in-view is enabled by default. Therefore, database queries may be performed during view rendering. Explicitly configure spring.jpa.open-in-view to disable this warning
]]></system-out>
  </testcase>
</testsuite>